  BasicDialog.cpp
D:\学习\程设\大作业\可爱炸弹人\可爱炸弹人\BasicDialog.cpp(18,54): warning C4311: “类型强制转换”: 从“BasicModalDialog *”到“LONG”的指针截断
D:\学习\程设\大作业\可爱炸弹人\可爱炸弹人\BasicDialog.cpp(18,54): warning C4302: “类型强制转换”: 从“BasicModalDialog *”到“LONG”截断
  deleted.h
  obj_base.cpp
  BasicWindow.cpp
D:\学习\程设\大作业\可爱炸弹人\可爱炸弹人\BasicWindow.cpp(64,60): warning C4311: “类型强制转换”: 从“BasicWindow *”到“LONG”的指针截断
D:\学习\程设\大作业\可爱炸弹人\可爱炸弹人\BasicWindow.cpp(64,60): warning C4302: “类型强制转换”: 从“BasicWindow *”到“LONG”截断
  Game.cpp
D:\学习\程设\大作业\可爱炸弹人\可爱炸弹人\Game.cpp(152,30): warning C4267: “初始化”: 从“size_t”转换到“int”，可能丢失数据
D:\学习\程设\大作业\可爱炸弹人\可爱炸弹人\Game.cpp(152,59): warning C4267: “初始化”: 从“size_t”转换到“int”，可能丢失数据
D:\学习\程设\大作业\可爱炸弹人\可爱炸弹人\Game.cpp(213,37): warning C4267: “初始化”: 从“size_t”转换到“int”，可能丢失数据
D:\学习\程设\大作业\可爱炸弹人\可爱炸弹人\Game.cpp(213,73): warning C4267: “初始化”: 从“size_t”转换到“int”，可能丢失数据
D:\学习\程设\大作业\可爱炸弹人\可爱炸弹人\Game.cpp(262,8): error C2429: 语言功能 "结构化绑定" 需要编译器标志 "/std:c++17"
D:\学习\程设\大作业\可爱炸弹人\可爱炸弹人\Game.cpp(431,8): error C2429: 语言功能 "结构化绑定" 需要编译器标志 "/std:c++17"
D:\学习\程设\大作业\可爱炸弹人\可爱炸弹人\Game.cpp(499,9): error C2429: 语言功能 "结构化绑定" 需要编译器标志 "/std:c++17"
D:\学习\程设\大作业\可爱炸弹人\可爱炸弹人\Game.cpp(576,9): error C2429: 语言功能 "结构化绑定" 需要编译器标志 "/std:c++17"
D:\学习\程设\大作业\可爱炸弹人\可爱炸弹人\Game.cpp(863,8): error C2429: 语言功能 "结构化绑定" 需要编译器标志 "/std:c++17"
D:\学习\程设\大作业\可爱炸弹人\可爱炸弹人\Game.cpp(920,8): error C2429: 语言功能 "结构化绑定" 需要编译器标志 "/std:c++17"
D:\学习\程设\大作业\可爱炸弹人\可爱炸弹人\Game.cpp(1008,8): error C2429: 语言功能 "结构化绑定" 需要编译器标志 "/std:c++17"
D:\学习\程设\大作业\可爱炸弹人\可爱炸弹人\Game.cpp(1064,8): error C2429: 语言功能 "结构化绑定" 需要编译器标志 "/std:c++17"
  Sound.cpp
  UI.cpp
D:\学习\程设\大作业\可爱炸弹人\可爱炸弹人\UI.cpp(156,13): warning C4984: "if constexpr" 是一种 C++17 语言扩展
D:\学习\程设\大作业\可爱炸弹人\可爱炸弹人\UI.cpp(433,5): warning C4984: "if constexpr" 是一种 C++17 语言扩展
D:\学习\程设\大作业\可爱炸弹人\可爱炸弹人\UI.cpp(504,69): warning C4267: “=”: 从“size_t”转换到“int”，可能丢失数据
D:\学习\程设\大作业\可爱炸弹人\可爱炸弹人\UI.cpp(504,127): warning C4267: “=”: 从“size_t”转换到“int”，可能丢失数据
D:\学习\程设\大作业\可爱炸弹人\可爱炸弹人\UI.cpp(533,15): error C2429: 语言功能 "结构化绑定" 需要编译器标志 "/std:c++17"
D:\学习\程设\大作业\可爱炸弹人\可爱炸弹人\UI.cpp(680,35): error C2429: 语言功能 "结构化绑定" 需要编译器标志 "/std:c++17"
D:\学习\程设\大作业\可爱炸弹人\可爱炸弹人\UI.cpp(737,27): error C2429: 语言功能 "结构化绑定" 需要编译器标志 "/std:c++17"
D:\学习\程设\大作业\可爱炸弹人\可爱炸弹人\UI.cpp(806,23): error C2429: 语言功能 "结构化绑定" 需要编译器标志 "/std:c++17"
D:\学习\程设\大作业\可爱炸弹人\可爱炸弹人\UI.cpp(817,51): error C2672: “std::make_pair”: 未找到匹配的重载函数
D:\学习\程设\大作业\可爱炸弹人\可爱炸弹人\UI.cpp(817,77): error C2893: 未能使函数模板“std::pair<_Unrefwrap_helper<decay<_Ty>::type>::type,_Unrefwrap_helper<decay<_Ty2>::type>::type> std::make_pair(_Ty1 &&,_Ty2 &&) noexcept(<expr>)”专用化
C:\Program Files (x86)\Microsoft Visual Studio\2019\Enterprise\VC\Tools\MSVC\14.27.29110\include\utility(387): message : 参见“std::make_pair”的声明
D:\学习\程设\大作业\可爱炸弹人\可爱炸弹人\UI.cpp(817,77): message : 用下列模板参数:
D:\学习\程设\大作业\可爱炸弹人\可爱炸弹人\UI.cpp(817,77): message : “_Ty1=unknown-type &”
D:\学习\程设\大作业\可爱炸弹人\可爱炸弹人\UI.cpp(817,77): message : “_Ty2=unknown-type &”
D:\学习\程设\大作业\可爱炸弹人\可爱炸弹人\UI.cpp(817,32): error C2672: “std::vector<std::pair<std::pair<int,int>,std::pair<obj_base::direction,int>>,std::allocator<std::pair<std::pair<int,int>,std::pair<obj_base::direction,int>>>>::emplace_back”: 未找到匹配的重载函数
D:\学习\程设\大作业\可爱炸弹人\可爱炸弹人\UI.cpp(821,57): error C2672: “std::make_pair”: 未找到匹配的重载函数
D:\学习\程设\大作业\可爱炸弹人\可爱炸弹人\UI.cpp(821,83): error C2893: 未能使函数模板“std::pair<_Unrefwrap_helper<decay<_Ty>::type>::type,_Unrefwrap_helper<decay<_Ty2>::type>::type> std::make_pair(_Ty1 &&,_Ty2 &&) noexcept(<expr>)”专用化
C:\Program Files (x86)\Microsoft Visual Studio\2019\Enterprise\VC\Tools\MSVC\14.27.29110\include\utility(387): message : 参见“std::make_pair”的声明
D:\学习\程设\大作业\可爱炸弹人\可爱炸弹人\UI.cpp(821,83): message : 用下列模板参数:
D:\学习\程设\大作业\可爱炸弹人\可爱炸弹人\UI.cpp(821,83): message : “_Ty1=unknown-type &”
D:\学习\程设\大作业\可爱炸弹人\可爱炸弹人\UI.cpp(821,83): message : “_Ty2=unknown-type &”
D:\学习\程设\大作业\可爱炸弹人\可爱炸弹人\UI.cpp(821,38): error C2672: “std::vector<std::pair<std::pair<int,int>,std::pair<obj_base::direction,int>>,std::allocator<std::pair<std::pair<int,int>,std::pair<obj_base::direction,int>>>>::emplace_back”: 未找到匹配的重载函数
D:\学习\程设\大作业\可爱炸弹人\可爱炸弹人\UI.cpp(824,57): error C2672: “std::make_pair”: 未找到匹配的重载函数
D:\学习\程设\大作业\可爱炸弹人\可爱炸弹人\UI.cpp(824,83): error C2893: 未能使函数模板“std::pair<_Unrefwrap_helper<decay<_Ty>::type>::type,_Unrefwrap_helper<decay<_Ty2>::type>::type> std::make_pair(_Ty1 &&,_Ty2 &&) noexcept(<expr>)”专用化
C:\Program Files (x86)\Microsoft Visual Studio\2019\Enterprise\VC\Tools\MSVC\14.27.29110\include\utility(387): message : 参见“std::make_pair”的声明
D:\学习\程设\大作业\可爱炸弹人\可爱炸弹人\UI.cpp(824,83): message : 用下列模板参数:
D:\学习\程设\大作业\可爱炸弹人\可爱炸弹人\UI.cpp(824,83): message : “_Ty1=unknown-type &”
D:\学习\程设\大作业\可爱炸弹人\可爱炸弹人\UI.cpp(824,83): message : “_Ty2=unknown-type &”
D:\学习\程设\大作业\可爱炸弹人\可爱炸弹人\UI.cpp(824,38): error C2672: “std::vector<std::pair<std::pair<int,int>,std::pair<obj_base::direction,int>>,std::allocator<std::pair<std::pair<int,int>,std::pair<obj_base::direction,int>>>>::emplace_back”: 未找到匹配的重载函数
D:\学习\程设\大作业\可爱炸弹人\可爱炸弹人\UI.cpp(911,27): error C2429: 语言功能 "结构化绑定" 需要编译器标志 "/std:c++17"
D:\学习\程设\大作业\可爱炸弹人\可爱炸弹人\UI.cpp(912,27): error C2429: 语言功能 "结构化绑定" 需要编译器标志 "/std:c++17"
D:\学习\程设\大作业\可爱炸弹人\可爱炸弹人\UI.cpp(918,1): error C3487: “obj_base::direction”: 所有返回表达式必须推导为相同类型: 以前为“unknown-type”
D:\学习\程设\大作业\可爱炸弹人\可爱炸弹人\UI.cpp(925,76): error C2672: “std::make_pair”: 未找到匹配的重载函数
D:\学习\程设\大作业\可爱炸弹人\可爱炸弹人\UI.cpp(925,1): error C2780: “std::pair<_Unrefwrap_helper<decay<_Ty>::type>::type,_Unrefwrap_helper<decay<_Ty2>::type>::type> std::make_pair(_Ty1 &&,_Ty2 &&) noexcept(<expr>)”: 应输入 2 个参数，却提供了 1 个
C:\Program Files (x86)\Microsoft Visual Studio\2019\Enterprise\VC\Tools\MSVC\14.27.29110\include\utility(387): message : 参见“std::make_pair”的声明
D:\学习\程设\大作业\可爱炸弹人\可爱炸弹人\UI.cpp(930,1): error C3487: “obj_base::direction”: 所有返回表达式必须推导为相同类型: 以前为“unknown-type”
D:\学习\程设\大作业\可爱炸弹人\可爱炸弹人\UI.cpp(864,79): error C2440: “初始化”: 无法从“UI::AI::<lambda_183f19cca54d532ea0735661f559b96f>”转换为“std::function<obj_base::direction (int,int,int,int)>”
D:\学习\程设\大作业\可爱炸弹人\可爱炸弹人\UI.cpp(864,79): message : 没有可用于执行该转换的用户定义的转换运算符，或者无法调用该运算符
D:\学习\程设\大作业\可爱炸弹人\可爱炸弹人\UI.cpp(976,54): warning C4267: “初始化”: 从“size_t”转换到“int”，可能丢失数据
D:\学习\程设\大作业\可爱炸弹人\可爱炸弹人\UI.cpp(1402,27): error C2429: 语言功能 "结构化绑定" 需要编译器标志 "/std:c++17"
D:\学习\程设\大作业\可爱炸弹人\可爱炸弹人\UI.cpp(1403,27): error C2429: 语言功能 "结构化绑定" 需要编译器标志 "/std:c++17"
D:\学习\程设\大作业\可爱炸弹人\可爱炸弹人\UI.cpp(1425,21): error C2050: switch 表达式不是整型
D:\学习\程设\大作业\可爱炸弹人\可爱炸弹人\UI.cpp(1426,45): error C2440: “类型强制转换”: 无法从“obj_base::direction”转换为“int”
D:\学习\程设\大作业\可爱炸弹人\可爱炸弹人\UI.cpp(1426,43): message : 该强制转换要求显式类型强制转换(static_cast、C 样式强制转换或函数样式强制转换)
D:\学习\程设\大作业\可爱炸弹人\可爱炸弹人\UI.cpp(1426,21): error C2046: 非法的 case
D:\学习\程设\大作业\可爱炸弹人\可爱炸弹人\UI.cpp(1427,47): error C2440: “类型强制转换”: 无法从“obj_base::direction”转换为“int”
D:\学习\程设\大作业\可爱炸弹人\可爱炸弹人\UI.cpp(1427,43): message : 该强制转换要求显式类型强制转换(static_cast、C 样式强制转换或函数样式强制转换)
D:\学习\程设\大作业\可爱炸弹人\可爱炸弹人\UI.cpp(1427,21): error C2046: 非法的 case
D:\学习\程设\大作业\可爱炸弹人\可爱炸弹人\UI.cpp(1428,47): error C2440: “类型强制转换”: 无法从“obj_base::direction”转换为“int”
D:\学习\程设\大作业\可爱炸弹人\可爱炸弹人\UI.cpp(1428,43): message : 该强制转换要求显式类型强制转换(static_cast、C 样式强制转换或函数样式强制转换)
D:\学习\程设\大作业\可爱炸弹人\可爱炸弹人\UI.cpp(1428,21): error C2046: 非法的 case
D:\学习\程设\大作业\可爱炸弹人\可爱炸弹人\UI.cpp(1429,48): error C2440: “类型强制转换”: 无法从“obj_base::direction”转换为“int”
D:\学习\程设\大作业\可爱炸弹人\可爱炸弹人\UI.cpp(1429,43): message : 该强制转换要求显式类型强制转换(static_cast、C 样式强制转换或函数样式强制转换)
D:\学习\程设\大作业\可爱炸弹人\可爱炸弹人\UI.cpp(1429,21): error C2046: 非法的 case
D:\学习\程设\大作业\可爱炸弹人\可爱炸弹人\UI.cpp(1482,35): error C2429: 语言功能 "结构化绑定" 需要编译器标志 "/std:c++17"
D:\学习\程设\大作业\可爱炸弹人\可爱炸弹人\UI.cpp(1518,39): error C2429: 语言功能 "结构化绑定" 需要编译器标志 "/std:c++17"
D:\学习\程设\大作业\可爱炸弹人\可爱炸弹人\UI.cpp(1558,35): error C2429: 语言功能 "结构化绑定" 需要编译器标志 "/std:c++17"
D:\学习\程设\大作业\可爱炸弹人\可爱炸弹人\UI.cpp(1430,21): warning C4060: switch 语句没有包含“case”或“default”标签
D:\学习\程设\大作业\可爱炸弹人\可爱炸弹人\UI.cpp(1615,5): warning C4984: "if constexpr" 是一种 C++17 语言扩展
D:\学习\程设\大作业\可爱炸弹人\可爱炸弹人\UI.cpp(1697,5): warning C4984: "if constexpr" 是一种 C++17 语言扩展
D:\学习\程设\大作业\可爱炸弹人\可爱炸弹人\UI.cpp(1753,66): warning C4267: “初始化”: 从“size_t”转换到“int”，可能丢失数据
D:\学习\程设\大作业\可爱炸弹人\可爱炸弹人\UI.cpp(1753,124): warning C4267: “初始化”: 从“size_t”转换到“int”，可能丢失数据
D:\学习\程设\大作业\可爱炸弹人\可爱炸弹人\UI.cpp(1761,27): error C2429: 语言功能 "结构化绑定" 需要编译器标志 "/std:c++17"
D:\学习\程设\大作业\可爱炸弹人\可爱炸弹人\UI.cpp(1915,9): warning C4984: "if constexpr" 是一种 C++17 语言扩展
D:\学习\程设\大作业\可爱炸弹人\可爱炸弹人\UI.cpp(1918,89): warning C4267: “参数”: 从“size_t”转换到“int”，可能丢失数据
D:\学习\程设\大作业\可爱炸弹人\可爱炸弹人\UI.cpp(1982,13): warning C4984: "if constexpr" 是一种 C++17 语言扩展
D:\学习\程设\大作业\可爱炸弹人\可爱炸弹人\UI.cpp(1986,89): warning C4267: “参数”: 从“size_t”转换到“int”，可能丢失数据
D:\学习\程设\大作业\可爱炸弹人\可爱炸弹人\UI.cpp(1989,13): warning C4984: "if constexpr" 是一种 C++17 语言扩展
D:\学习\程设\大作业\可爱炸弹人\可爱炸弹人\UI.cpp(1992,91): warning C4267: “参数”: 从“size_t”转换到“int”，可能丢失数据
  Prop.cpp
  Role.cpp
D:\学习\程设\大作业\可爱炸弹人\可爱炸弹人\Role.cpp(49,18): warning C4244: “*=”: 从“double”转换到“obj_base::sigPosType”，可能丢失数据
  WinMain.cpp
  正在生成代码...
